<?xml version="1.0" encoding="UTF-8"?>
<testng-results ignored="0" total="3" passed="3" failed="0" skipped="0">
  <reporter-output>
  </reporter-output>
  <suite started-at="2022-11-11T09:19:11 EST" name="Default suite" finished-at="2022-11-11T09:19:11 EST" duration-ms="53">
    <groups>
    </groups>
    <test started-at="2022-11-11T09:19:11 EST" name="Default test" finished-at="2022-11-11T09:19:11 EST" duration-ms="53">
      <class name="com.test.Mytest">
        <test-method signature="login()[pri:0, instance:com.test.Mytest@7d4f9aae]" started-at="2022-11-11T09:19:11 EST" name="login" finished-at="2022-11-11T09:19:11 EST" duration-ms="7" status="PASS">
          <reporter-output>
          </reporter-output>
        </test-method> <!-- login -->
        <test-method signature="setup()[pri:0, instance:com.test.Mytest@7d4f9aae]" started-at="2022-11-11T09:19:11 EST" name="setup" finished-at="2022-11-11T09:19:11 EST" duration-ms="1" status="PASS">
          <reporter-output>
          </reporter-output>
        </test-method> <!-- setup -->
        <test-method signature="tearup()[pri:0, instance:com.test.Mytest@7d4f9aae]" started-at="2022-11-11T09:19:11 EST" name="tearup" finished-at="2022-11-11T09:19:11 EST" duration-ms="1" status="PASS">
          <reporter-output>
          </reporter-output>
        </test-method> <!-- tearup -->
      </class> <!-- com.test.Mytest -->
    </test> <!-- Default test -->
  </suite> <!-- Default suite -->
</testng-results>
